-----
Wxh:		n = [-3.618169e-04, 9.363970e-03]	min 7.829179e-08, max 3.620649e-06	
		a = [-3.618195e-04, 9.363971e-03]	mean 3.821657e-07 # 10/3
Whh:		n = [-1.085142e-01, 4.593286e-02]	min 5.128230e-09, max 1.575444e-06	
		a = [-1.085142e-01, 4.593286e-02]	mean 2.448101e-07 # 10/10
Why:		n = [-6.543606e-01, 5.861938e-03]	min 5.620105e-09, max 1.021051e-06	
		a = [-6.543606e-01, 5.861934e-03]	mean 3.015373e-07 # 10/10
Whr:		n = [-2.582965e-05, 5.452421e-05]	min 5.193935e-06, max 3.842177e-04	
		a = [-2.583228e-05, 5.452171e-05]	mean 8.267905e-05 # 10/10
Whv:		n = [-1.495890e-01, 2.553145e-01]	min 5.374514e-09, max 1.870343e-07	
		a = [-1.495890e-01, 2.553145e-01]	mean 4.445059e-08 # 10/10
Whw:		n = [-4.719709e-05, 6.467644e-05]	min 4.107535e-05, max 2.312104e-03	
		a = [-4.720390e-05, 6.468176e-05]	mean 5.723007e-04 # 10/10
Whe:		n = [-2.650685e-03, 4.820112e-03]	min 1.188434e-07, max 2.082537e-05	
		a = [-2.650682e-03, 4.820110e-03]	mean 2.840711e-06 # 10/10
Wrh:		n = [-4.058385e-02, 2.660773e-02]	min 1.223645e-08, max 3.602897e-06	
		a = [-4.058386e-02, 2.660773e-02]	mean 5.901837e-07 # 10/10
Wry:		n = [-7.705171e-02, 4.927405e-01]	min 2.285332e-09, max 1.104896e-06	
		a = [-7.705171e-02, 4.927405e-01]	mean 2.197517e-07 # 10/10
bh:		n = [-1.135552e+00, 1.508941e-01]	min 3.067456e-10, max 3.253638e-07	
		a = [-1.135552e+00, 1.508941e-01]	mean 5.741431e-08 # 10/10
by:		n = [-1.719742e+00, 1.750386e+00]	min 9.812717e-10, max 1.101294e-07	
		a = [-1.719742e+00, 1.750386e+00]	mean 2.877328e-08 # 10/10
