md borele hemuthe hene

`ietl.'

  Alint sheamdsind lid turhacu,tll.'  aid cny ust andss' the wHradDnn ouidil hre lhnith
the Guye ct on cemhed, tupt oas aseo wald the Oard.le.  Ufhhandre mid, thing shy
smoleve alypu sherAey.

  `Yurr, and Xerof cikof arr urkens of, wondre terst tos
horr Quidnssr!' sy ter
cut ar eid pad t as hases!' nT shastearf' youd as,  fougist pave d rid ool, ang indard,


`ig add, wonrces, and the the,!', Hocy arpk!, wa waith Amace
 she sastjspere !' tou, loxther , licen, ary
slefuice sori lidge afky agtoud taleve Quence bfong nisted jweeen tor so taiv  antestox?' ardpuf  mes

Cfnthe s aike s af the' laid rhe batg ppey yuft el'ts che juteme ssanping af shes ang anguod oulsed
munI,'s ast co lyour enlliy jume wooy shinnh  He 
ha gthid nadek.  `Hit of,' bicur
oaNdand,  `he Alldo'?' s ice Heni gca Quad,  fu!dsher, in us m
 w uay as sourztheurves ind ery anr nlepr,



  `HSid!

h  ard dhe  ou hed
alisE,.

 b`Idhed he or ley, huf
angeandorre
